2025-06-03 10:17:31.574136 - 'k' 
2025-06-03 10:17:31.700799 - 'd' 
2025-06-03 10:17:31.715375 - 'j' 
2025-06-03 10:17:32.472883 - Key.backspace 
2025-06-03 10:17:32.661588 - Key.backspace 
2025-06-03 10:17:32.856914 - Key.backspace 
2025-06-03 10:17:38.011093 - 'h' 
2025-06-03 10:17:38.135231 - 'e' 
2025-06-03 10:17:38.207720 - 'k' 
2025-06-03 10:17:38.650730 - 'l' 
2025-06-03 10:17:38.820989 - 'l' 
2025-06-03 10:17:39.263762 - 'o' 
2025-06-03 10:17:39.593999 - 's' 
2025-06-03 10:17:48.333017 - Key.backspace 
2025-06-03 10:17:58.250978 - 't' 
2025-06-03 10:17:59.111940 - 'a' 
2025-06-03 10:18:33.809084 - 'w' 
2025-06-03 10:18:33.809706 - 'w' 
2025-06-03 10:18:33.879826 - 'i' 
2025-06-03 10:18:33.880047 - 'i' 
2025-06-03 10:18:33.967197 - ';' 
2025-06-03 10:18:33.969345 - ';' 
2025-06-03 10:18:33.973223 - 'l' 
2025-06-03 10:18:33.974010 - 'l' 
2025-06-03 10:18:34.151862 - 'l' 
2025-06-03 10:18:34.368743 - Key.space 
2025-06-03 10:18:34.368947 - Key.space 
2025-06-03 10:18:34.765761 - Key.backspace 
2025-06-03 10:18:34.767061 - Key.backspace 
2025-06-03 10:18:34.938619 - Key.backspace 
2025-06-03 10:18:35.108730 - Key.backspace 
2025-06-03 10:18:35.294222 - Key.backspace 
2025-06-03 10:18:35.899914 - 'l' 
2025-06-03 10:18:35.902863 - 'l' 
2025-06-03 10:18:36.053241 - 'l' 
2025-06-03 10:18:36.245325 - Key.space 
2025-06-03 10:18:36.452366 - 't' 
2025-06-03 10:18:36.453614 - 't' 
2025-06-03 10:18:36.521449 - 'h' 
2025-06-03 10:18:36.521816 - 'h' 
2025-06-03 10:18:36.585600 - 'i' 
2025-06-03 10:18:36.588392 - 'i' 
2025-06-03 10:18:36.711999 - 's' 
2025-06-03 10:18:36.796523 - Key.space 
2025-06-03 10:18:36.900411 - 'l' 
2025-06-03 10:18:37.048498 - 'i' 
2025-06-03 10:18:37.167048 - 's' 
2025-06-03 10:18:37.168025 - 's' 
2025-06-03 10:18:37.322497 - 't' 
2025-06-03 10:18:37.322803 - 't' 
2025-06-03 10:18:37.453442 - 'e' 
2025-06-03 10:18:37.454857 - 'e' 
2025-06-03 10:18:37.587806 - 'n' 
2025-06-03 10:18:38.080083 - Key.shift 
2025-06-03 10:18:38.168274 - '?' 
2025-06-03 10:18:38.169525 - '?' 
2025-06-03 10:18:46.396564 - Key.backspace 
2025-06-03 10:18:46.397735 - Key.backspace 
